[QaMongoDBRetriever]
Initialized MongoDB connection with URI: mongodb://admin:Class123!@localhost:27017/?authSource=admin
[Evaluator ]
Evaluator initialized with ['ExactMatch'].
[QaMongoDBRetriever]
Starting content retrieval for query: 用户: 国庆放假几天
[QaMongoDBRetriever]
Vector search returned 2 results: [[457497650968138598, 0.2804882228374481, "国庆放假一周。"], [457497650968138596, 0.61191725730896, "五一放假七天。"]]
[QaMongoDBRetriever]
Created new MongoDB client connection
[QaMongoDBRetriever]
Processing vector_id: 457497650968138598, distance: 0.2804882228374481, content: 国庆放假一周。
[QaMongoDBRetriever]
Retrieved 1 siblings for parent_id: 6805de81896dbbce5d7bfdb8, doc_id: 6805de80896dbbce5d7bfdb3
[QaMongoDBRetriever]
Retrieved node content for node_id: 6805de81896dbbce5d7bfdb8
[QaMongoDBRetriever]
Retrieved document info for doc_id: 6805de80896dbbce5d7bfdb3
[QaMongoDBRetriever]
Processing vector_id: 457497650968138596, distance: 0.61191725730896, content: 五一放假七天。
[QaMongoDBRetriever]
Retrieved 1 siblings for parent_id: 6805de81896dbbce5d7bfdb7, doc_id: 6805de80896dbbce5d7bfdb3
[QaMongoDBRetriever]
Retrieved node content for node_id: 6805de81896dbbce5d7bfdb7
[QaMongoDBRetriever]
Retrieved document info for doc_id: 6805de80896dbbce5d7bfdb3
[QaMongoDBRetriever]
Successfully retrieved 2 documents for query
[QaMongoDBRetriever]
Closed MongoDB client connection
